[2020-05-18 10:14:54,808][DEBUG] any debug message - [id:10][instance:4] - [COMP-11][file-3.c][function-5][ln:645]
[2020-05-18 10:14:56,154][INFO] any info message - [id:10][instance:2] - [COMP-5][file-9.c][function-13][ln:845]
[2020-05-18 10:14:57,655][INFO] any info message - [id:10][instance:4] - [COMP-1][file-2.c][function-6][ln:385]
[2020-05-18 10:14:59,157][INFO] any info message - [id:10][instance:1] - [COMP-6][file-10.c][function-2][ln:914]
[2020-05-18 10:15:00,658][INFO] any info message - [id:10][instance:7] - [COMP-11][file-1.c][function-6][ln:293]
[2020-05-18 10:15:02,159][INFO] any info message - [id:10][instance:4] - [COMP-13][file-8.c][function-11][ln:510]
[2020-05-18 10:15:03,661][INFO] any info message - [id:10][instance:1] - [COMP-10][file-6.c][function-2][ln:453]
[2020-05-18 10:15:05,162][INFO] any info message - [id:10][instance:1] - [COMP-10][file-3.c][function-3][ln:796]
[2020-05-18 10:15:06,664][INFO] any info message - [id:10][instance:1] - [COMP-5][file-6.c][function-7][ln:662]
[2020-05-18 10:15:08,165][INFO] any info message - [id:10][instance:1] - [COMP-10][file-7.c][function-8][ln:863]
[2020-05-18 10:15:09,624][ERROR] It is an error message - [id:10][instance:5] - [COMP-5][file-9.c][function-12][ln:950]
[2020-05-18 10:15:09,666][INFO] any info message - [id:10][instance:4] - [COMP-8][file-10.c][function-6][ln:577]
[2020-05-18 10:15:09,684][WARNING] Here is a warning message - [id:10][instance:6] - [COMP-4][file-5.c][function-8][ln:84]
[2020-05-18 10:15:09,809][DEBUG] any debug message - [id:10][instance:1] - [COMP-6][file-2.c][function-5][ln:743]
[2020-05-18 10:15:11,167][INFO] any info message - [id:10][instance:7] - [COMP-12][file-5.c][function-10][ln:152]
[2020-05-18 10:15:12,669][INFO] any info message - [id:10][instance:3] - [COMP-4][file-6.c][function-5][ln:646]
[2020-05-18 10:15:14,170][INFO] any info message - [id:10][instance:5] - [COMP-4][file-12.c][function-8][ln:570]
[2020-05-18 10:15:15,672][INFO] any info message - [id:10][instance:6] - [COMP-1][file-11.c][function-12][ln:465]
[2020-05-18 10:15:17,173][INFO] any info message - [id:10][instance:3] - [COMP-11][file-2.c][function-10][ln:705]
[2020-05-18 10:15:18,674][INFO] any info message - [id:10][instance:1] - [COMP-9][file-13.c][function-7][ln:357]
[2020-05-18 10:15:20,175][INFO] any info message - [id:10][instance:5] - [COMP-6][file-11.c][function-4][ln:923]
[2020-05-18 10:15:21,676][INFO] any info message - [id:10][instance:3] - [COMP-8][file-12.c][function-7][ln:154]
[2020-05-18 10:15:23,178][INFO] any info message - [id:10][instance:4] - [COMP-3][file-9.c][function-7][ln:75]
[2020-05-18 10:15:24,678][INFO] any info message - [id:10][instance:3] - [COMP-3][file-8.c][function-5][ln:324]
[2020-05-18 10:15:24,810][DEBUG] any debug message - [id:10][instance:3] - [COMP-3][file-7.c][function-8][ln:367]
[2020-05-18 10:15:26,179][INFO] any info message - [id:10][instance:2] - [COMP-8][file-4.c][function-10][ln:975]
[2020-05-18 10:15:27,681][INFO] any info message - [id:10][instance:2] - [COMP-10][file-4.c][function-3][ln:14]
[2020-05-18 10:15:29,182][INFO] any info message - [id:10][instance:7] - [COMP-12][file-5.c][function-12][ln:116]
[2020-05-18 10:15:30,683][INFO] any info message - [id:10][instance:7] - [COMP-5][file-12.c][function-4][ln:374]
[2020-05-18 10:15:32,184][INFO] any info message - [id:10][instance:6] - [COMP-12][file-10.c][function-6][ln:296]
[2020-05-18 10:15:33,684][INFO] any info message - [id:10][instance:4] - [COMP-10][file-10.c][function-12][ln:337]
[2020-05-18 10:15:35,186][INFO] any info message - [id:10][instance:5] - [COMP-10][file-5.c][function-6][ln:237]
[2020-05-18 10:15:36,687][INFO] any info message - [id:10][instance:4] - [COMP-9][file-8.c][function-9][ln:580]
[2020-05-18 10:15:38,188][INFO] any info message - [id:10][instance:6] - [COMP-11][file-2.c][function-8][ln:395]
[2020-05-18 10:15:39,685][WARNING] Here is a warning message - [id:10][instance:2] - [COMP-12][file-12.c][function-11][ln:792]
[2020-05-18 10:15:39,688][INFO] any info message - [id:10][instance:6] - [COMP-6][file-12.c][function-13][ln:475]
[2020-05-18 10:15:39,812][DEBUG] any debug message - [id:10][instance:6] - [COMP-2][file-5.c][function-10][ln:219]
[2020-05-18 10:15:41,190][INFO] any info message - [id:10][instance:2] - [COMP-4][file-6.c][function-9][ln:156]
[2020-05-18 10:15:42,692][INFO] any info message - [id:10][instance:2] - [COMP-10][file-12.c][function-1][ln:649]
[2020-05-18 10:15:44,194][INFO] any info message - [id:10][instance:7] - [COMP-1][file-9.c][function-1][ln:674]
[2020-05-18 10:15:45,695][INFO] any info message - [id:10][instance:2] - [COMP-13][file-13.c][function-6][ln:816]
[2020-05-18 10:15:47,196][INFO] any info message - [id:10][instance:1] - [COMP-12][file-7.c][function-3][ln:155]
[2020-05-18 10:15:48,697][INFO] any info message - [id:10][instance:6] - [COMP-2][file-8.c][function-11][ln:560]
[2020-05-18 10:15:50,199][INFO] any info message - [id:10][instance:3] - [COMP-13][file-2.c][function-4][ln:878]
[2020-05-18 10:15:51,700][INFO] any info message - [id:10][instance:2] - [COMP-12][file-10.c][function-7][ln:659]
[2020-05-18 10:15:53,202][INFO] any info message - [id:10][instance:4] - [COMP-9][file-6.c][function-9][ln:539]
[2020-05-18 10:15:54,703][INFO] any info message - [id:10][instance:6] - [COMP-5][file-1.c][function-10][ln:18]
[2020-05-18 10:15:54,813][DEBUG] any debug message - [id:10][instance:4] - [COMP-1][file-7.c][function-9][ln:471]
[2020-05-18 10:15:56,205][INFO] any info message - [id:10][instance:1] - [COMP-3][file-10.c][function-10][ln:248]
[2020-05-18 10:15:57,705][INFO] any info message - [id:10][instance:3] - [COMP-7][file-6.c][function-13][ln:765]
[2020-05-18 10:15:59,206][INFO] any info message - [id:10][instance:4] - [COMP-4][file-11.c][function-2][ln:580]
[2020-05-18 10:16:00,707][INFO] any info message - [id:10][instance:4] - [COMP-1][file-3.c][function-4][ln:899]
[2020-05-18 10:16:02,208][INFO] any info message - [id:10][instance:6] - [COMP-8][file-1.c][function-6][ln:621]
[2020-05-18 10:16:03,709][INFO] any info message - [id:10][instance:5] - [COMP-7][file-1.c][function-12][ln:100]
[2020-05-18 10:16:05,210][INFO] any info message - [id:10][instance:6] - [COMP-7][file-11.c][function-3][ln:15]
[2020-05-18 10:16:06,711][INFO] any info message - [id:10][instance:3] - [COMP-2][file-12.c][function-13][ln:738]
[2020-05-18 10:16:08,212][INFO] any info message - [id:10][instance:4] - [COMP-6][file-8.c][function-11][ln:204]
[2020-05-18 10:16:09,591][CRITICAL] ATTENTION: This is a critical issue! - [id:10][instance:1] - [COMP-4][file-9.c][function-11][ln:588]
[2020-05-18 10:16:09,625][ERROR] It is an error message - [id:10][instance:5] - [COMP-1][file-11.c][function-8][ln:37]
[2020-05-18 10:16:09,685][WARNING] Here is a warning message - [id:10][instance:6] - [COMP-9][file-11.c][function-12][ln:437]
[2020-05-18 10:16:09,714][INFO] any info message - [id:10][instance:7] - [COMP-7][file-10.c][function-6][ln:532]
[2020-05-18 10:16:09,814][DEBUG] any debug message - [id:10][instance:1] - [COMP-9][file-6.c][function-5][ln:131]
[2020-05-18 10:16:11,216][INFO] any info message - [id:10][instance:6] - [COMP-2][file-7.c][function-9][ln:215]
[2020-05-18 10:16:12,717][INFO] any info message - [id:10][instance:2] - [COMP-2][file-8.c][function-3][ln:766]
[2020-05-18 10:16:14,219][INFO] any info message - [id:10][instance:4] - [COMP-11][file-10.c][function-8][ln:266]
[2020-05-18 10:16:15,720][INFO] any info message - [id:10][instance:3] - [COMP-10][file-11.c][function-13][ln:904]
[2020-05-18 10:16:17,220][INFO] any info message - [id:10][instance:2] - [COMP-1][file-8.c][function-10][ln:724]
[2020-05-18 10:16:18,722][INFO] any info message - [id:10][instance:5] - [COMP-3][file-5.c][function-12][ln:150]
[2020-05-18 10:16:20,223][INFO] any info message - [id:10][instance:2] - [COMP-7][file-5.c][function-13][ln:276]
[2020-05-18 10:16:21,725][INFO] any info message - [id:10][instance:5] - [COMP-9][file-8.c][function-11][ln:709]
[2020-05-18 10:16:23,226][INFO] any info message - [id:10][instance:1] - [COMP-10][file-3.c][function-7][ln:130]
[2020-05-18 10:16:24,727][INFO] any info message - [id:10][instance:7] - [COMP-6][file-2.c][function-5][ln:402]
[2020-05-18 10:16:24,816][DEBUG] any debug message - [id:10][instance:6] - [COMP-12][file-3.c][function-5][ln:520]
[2020-05-18 10:16:26,229][INFO] any info message - [id:10][instance:6] - [COMP-8][file-9.c][function-7][ln:651]
[2020-05-18 10:16:27,731][INFO] any info message - [id:10][instance:7] - [COMP-2][file-8.c][function-10][ln:273]
[2020-05-18 10:16:29,233][INFO] any info message - [id:10][instance:1] - [COMP-6][file-9.c][function-13][ln:608]
[2020-05-18 10:16:30,733][INFO] any info message - [id:10][instance:4] - [COMP-5][file-13.c][function-11][ln:570]
[2020-05-18 10:16:32,234][INFO] any info message - [id:10][instance:6] - [COMP-12][file-4.c][function-6][ln:418]
[2020-05-18 10:16:33,735][INFO] any info message - [id:10][instance:2] - [COMP-10][file-11.c][function-5][ln:708]
[2020-05-18 10:16:35,236][INFO] any info message - [id:10][instance:6] - [COMP-11][file-4.c][function-5][ln:32]
[2020-05-18 10:16:36,736][INFO] any info message - [id:10][instance:1] - [COMP-8][file-3.c][function-12][ln:6]
[2020-05-18 10:16:38,237][INFO] any info message - [id:10][instance:4] - [COMP-2][file-10.c][function-11][ln:8]
[2020-05-18 10:16:39,686][WARNING] Here is a warning message - [id:10][instance:5] - [COMP-13][file-1.c][function-8][ln:324]
[2020-05-18 10:16:39,739][INFO] any info message - [id:10][instance:6] - [COMP-1][file-8.c][function-8][ln:193]
[2020-05-18 10:16:39,817][DEBUG] any debug message - [id:10][instance:2] - [COMP-6][file-6.c][function-7][ln:705]
[2020-05-18 10:16:41,239][INFO] any info message - [id:10][instance:1] - [COMP-3][file-6.c][function-1][ln:408]
[2020-05-18 10:16:42,741][INFO] any info message - [id:10][instance:3] - [COMP-2][file-6.c][function-10][ln:255]
[2020-05-18 10:16:44,242][INFO] any info message - [id:10][instance:7] - [COMP-13][file-6.c][function-9][ln:73]
[2020-05-18 10:16:45,743][INFO] any info message - [id:10][instance:6] - [COMP-5][file-7.c][function-11][ln:908]
[2020-05-18 10:16:47,244][INFO] any info message - [id:10][instance:6] - [COMP-13][file-8.c][function-8][ln:778]
[2020-05-18 10:16:48,745][INFO] any info message - [id:10][instance:3] - [COMP-13][file-4.c][function-11][ln:968]
[2020-05-18 10:16:50,246][INFO] any info message - [id:10][instance:6] - [COMP-8][file-8.c][function-8][ln:10]
[2020-05-18 10:16:51,748][INFO] any info message - [id:10][instance:7] - [COMP-3][file-3.c][function-3][ln:812]
[2020-05-18 10:16:53,249][INFO] any info message - [id:10][instance:6] - [COMP-8][file-6.c][function-13][ln:337]
[2020-05-18 10:16:54,750][INFO] any info message - [id:10][instance:5] - [COMP-8][file-3.c][function-13][ln:513]
[2020-05-18 10:16:54,818][DEBUG] any debug message - [id:10][instance:1] - [COMP-9][file-6.c][function-7][ln:647]
[2020-05-18 10:16:56,250][INFO] any info message - [id:10][instance:6] - [COMP-7][file-4.c][function-12][ln:727]
[2020-05-18 10:16:57,752][INFO] any info message - [id:10][instance:1] - [COMP-5][file-2.c][function-13][ln:718]
[2020-05-18 10:16:59,254][INFO] any info message - [id:10][instance:2] - [COMP-8][file-13.c][function-13][ln:367]
[2020-05-18 10:17:00,756][INFO] any info message - [id:10][instance:2] - [COMP-11][file-4.c][function-5][ln:694]
[2020-05-18 10:17:02,257][INFO] any info message - [id:10][instance:5] - [COMP-3][file-1.c][function-13][ln:140]
[2020-05-18 10:17:03,758][INFO] any info message - [id:10][instance:6] - [COMP-4][file-8.c][function-3][ln:469]
[2020-05-18 10:17:05,260][INFO] any info message - [id:10][instance:4] - [COMP-7][file-2.c][function-12][ln:847]
[2020-05-18 10:17:06,761][INFO] any info message - [id:10][instance:3] - [COMP-9][file-6.c][function-10][ln:531]
[2020-05-18 10:17:08,262][INFO] any info message - [id:10][instance:2] - [COMP-10][file-12.c][function-12][ln:619]
[2020-05-18 10:17:09,626][ERROR] It is an error message - [id:10][instance:5] - [COMP-1][file-3.c][function-11][ln:366]
[2020-05-18 10:17:09,687][WARNING] Here is a warning message - [id:10][instance:5] - [COMP-6][file-9.c][function-7][ln:331]
[2020-05-18 10:17:09,764][INFO] any info message - [id:10][instance:7] - [COMP-13][file-9.c][function-7][ln:874]
[2020-05-18 10:17:09,820][DEBUG] any debug message - [id:10][instance:4] - [COMP-7][file-11.c][function-9][ln:729]
[2020-05-18 10:17:11,264][INFO] any info message - [id:10][instance:7] - [COMP-11][file-1.c][function-10][ln:946]
[2020-05-18 10:17:12,766][INFO] any info message - [id:10][instance:7] - [COMP-13][file-8.c][function-13][ln:349]
[2020-05-18 10:17:14,266][INFO] any info message - [id:10][instance:6] - [COMP-12][file-3.c][function-8][ln:36]
[2020-05-18 10:17:15,767][INFO] any info message - [id:10][instance:7] - [COMP-12][file-3.c][function-3][ln:501]
[2020-05-18 10:17:17,268][INFO] any info message - [id:10][instance:2] - [COMP-11][file-5.c][function-13][ln:539]
[2020-05-18 10:17:18,770][INFO] any info message - [id:10][instance:3] - [COMP-7][file-9.c][function-4][ln:342]
[2020-05-18 10:17:20,271][INFO] any info message - [id:10][instance:7] - [COMP-5][file-11.c][function-12][ln:669]
[2020-05-18 10:17:21,772][INFO] any info message - [id:10][instance:5] - [COMP-8][file-8.c][function-8][ln:518]
[2020-05-18 10:17:23,272][INFO] any info message - [id:10][instance:1] - [COMP-5][file-6.c][function-7][ln:905]
[2020-05-18 10:17:24,773][INFO] any info message - [id:10][instance:7] - [COMP-9][file-7.c][function-9][ln:886]
[2020-05-18 10:17:24,821][DEBUG] any debug message - [id:10][instance:6] - [COMP-10][file-11.c][function-2][ln:850]
[2020-05-18 10:17:26,275][INFO] any info message - [id:10][instance:3] - [COMP-11][file-6.c][function-10][ln:217]
[2020-05-18 10:17:27,776][INFO] any info message - [id:10][instance:3] - [COMP-1][file-6.c][function-5][ln:542]
[2020-05-18 10:17:29,277][INFO] any info message - [id:10][instance:5] - [COMP-9][file-12.c][function-1][ln:304]
[2020-05-18 10:17:30,779][INFO] any info message - [id:10][instance:2] - [COMP-4][file-7.c][function-11][ln:888]
[2020-05-18 10:17:32,279][INFO] any info message - [id:10][instance:5] - [COMP-5][file-4.c][function-7][ln:496]
[2020-05-18 10:17:33,781][INFO] any info message - [id:10][instance:2] - [COMP-4][file-5.c][function-2][ln:806]
[2020-05-18 10:17:35,283][INFO] any info message - [id:10][instance:5] - [COMP-9][file-1.c][function-2][ln:672]
[2020-05-18 10:17:36,782][INFO] any info message - [id:10][instance:5] - [COMP-9][file-3.c][function-8][ln:88]
[2020-05-18 10:17:38,283][INFO] any info message - [id:10][instance:5] - [COMP-4][file-7.c][function-7][ln:656]
[2020-05-18 10:17:39,688][WARNING] Here is a warning message - [id:10][instance:3] - [COMP-3][file-1.c][function-11][ln:539]
[2020-05-18 10:17:39,783][INFO] any info message - [id:10][instance:5] - [COMP-6][file-11.c][function-6][ln:585]
[2020-05-18 10:17:39,822][DEBUG] any debug message - [id:10][instance:1] - [COMP-4][file-4.c][function-10][ln:813]
[2020-05-18 10:17:41,284][INFO] any info message - [id:10][instance:7] - [COMP-3][file-4.c][function-7][ln:759]
[2020-05-18 10:17:42,786][INFO] any info message - [id:10][instance:6] - [COMP-3][file-6.c][function-3][ln:695]
[2020-05-18 10:17:44,287][INFO] any info message - [id:10][instance:7] - [COMP-6][file-1.c][function-3][ln:927]
[2020-05-18 10:17:45,787][INFO] any info message - [id:10][instance:7] - [COMP-9][file-2.c][function-10][ln:175]
[2020-05-18 10:17:47,288][INFO] any info message - [id:10][instance:4] - [COMP-3][file-11.c][function-7][ln:447]
[2020-05-18 10:17:48,789][INFO] any info message - [id:10][instance:4] - [COMP-11][file-10.c][function-4][ln:470]
[2020-05-18 10:17:50,291][INFO] any info message - [id:10][instance:5] - [COMP-9][file-5.c][function-10][ln:275]
[2020-05-18 10:17:51,792][INFO] any info message - [id:10][instance:7] - [COMP-9][file-3.c][function-8][ln:143]
[2020-05-18 10:17:53,293][INFO] any info message - [id:10][instance:4] - [COMP-7][file-4.c][function-5][ln:441]
[2020-05-18 10:17:54,795][INFO] any info message - [id:10][instance:3] - [COMP-11][file-7.c][function-11][ln:881]
[2020-05-18 10:17:54,825][DEBUG] any debug message - [id:10][instance:5] - [COMP-2][file-4.c][function-4][ln:46]
[2020-05-18 10:17:56,296][INFO] any info message - [id:10][instance:1] - [COMP-7][file-1.c][function-3][ln:669]
[2020-05-18 10:17:57,798][INFO] any info message - [id:10][instance:7] - [COMP-10][file-8.c][function-7][ln:664]
[2020-05-18 10:17:59,299][INFO] any info message - [id:10][instance:3] - [COMP-4][file-11.c][function-13][ln:16]
[2020-05-18 10:18:00,799][INFO] any info message - [id:10][instance:5] - [COMP-11][file-5.c][function-11][ln:699]
[2020-05-18 10:18:02,301][INFO] any info message - [id:10][instance:6] - [COMP-2][file-1.c][function-11][ln:714]
[2020-05-18 10:18:03,803][INFO] any info message - [id:10][instance:1] - [COMP-1][file-5.c][function-8][ln:866]
[2020-05-18 10:18:05,304][INFO] any info message - [id:10][instance:3] - [COMP-9][file-11.c][function-9][ln:542]
[2020-05-18 10:18:06,806][INFO] any info message - [id:10][instance:4] - [COMP-8][file-10.c][function-8][ln:921]
[2020-05-18 10:18:08,307][INFO] any info message - [id:10][instance:4] - [COMP-11][file-13.c][function-10][ln:255]
[2020-05-18 10:18:09,591][CRITICAL] ATTENTION: This is a critical issue! - [id:10][instance:1] - [COMP-8][file-5.c][function-6][ln:673]
[2020-05-18 10:18:09,627][ERROR] It is an error message - [id:10][instance:6] - [COMP-7][file-1.c][function-9][ln:713]
[2020-05-18 10:18:09,688][WARNING] Here is a warning message - [id:10][instance:2] - [COMP-3][file-12.c][function-8][ln:251]
[2020-05-18 10:18:09,808][INFO] any info message - [id:10][instance:5] - [COMP-1][file-11.c][function-6][ln:267]
[2020-05-18 10:18:09,837][DEBUG] any debug message - [id:10][instance:6] - [COMP-13][file-6.c][function-4][ln:109]
[2020-05-18 10:18:11,310][INFO] any info message - [id:10][instance:3] - [COMP-12][file-10.c][function-1][ln:27]
[2020-05-18 10:18:12,811][INFO] any info message - [id:10][instance:6] - [COMP-11][file-2.c][function-3][ln:77]
[2020-05-18 10:18:14,312][INFO] any info message - [id:10][instance:2] - [COMP-13][file-8.c][function-5][ln:756]
[2020-05-18 10:18:15,814][INFO] any info message - [id:10][instance:2] - [COMP-3][file-12.c][function-11][ln:958]
[2020-05-18 10:18:17,314][INFO] any info message - [id:10][instance:5] - [COMP-9][file-10.c][function-10][ln:443]
[2020-05-18 10:18:18,816][INFO] any info message - [id:10][instance:6] - [COMP-12][file-8.c][function-6][ln:570]
[2020-05-18 10:18:20,317][INFO] any info message - [id:10][instance:2] - [COMP-1][file-7.c][function-7][ln:859]
[2020-05-18 10:18:21,818][INFO] any info message - [id:10][instance:6] - [COMP-12][file-10.c][function-6][ln:106]
[2020-05-18 10:18:23,320][INFO] any info message - [id:10][instance:2] - [COMP-12][file-3.c][function-4][ln:326]
[2020-05-18 10:18:24,822][INFO] any info message - [id:10][instance:7] - [COMP-8][file-9.c][function-12][ln:70]
[2020-05-18 10:18:24,838][DEBUG] any debug message - [id:10][instance:1] - [COMP-12][file-10.c][function-13][ln:865]
[2020-05-18 10:18:26,323][INFO] any info message - [id:10][instance:6] - [COMP-8][file-13.c][function-6][ln:690]
[2020-05-18 10:18:27,824][INFO] any info message - [id:10][instance:5] - [COMP-12][file-3.c][function-1][ln:582]
[2020-05-18 10:18:29,325][INFO] any info message - [id:10][instance:5] - [COMP-3][file-9.c][function-10][ln:347]
[2020-05-18 10:18:30,826][INFO] any info message - [id:10][instance:4] - [COMP-5][file-12.c][function-6][ln:615]
[2020-05-18 10:18:32,328][INFO] any info message - [id:10][instance:6] - [COMP-4][file-3.c][function-9][ln:905]
[2020-05-18 10:18:33,829][INFO] any info message - [id:10][instance:7] - [COMP-3][file-7.c][function-10][ln:407]
[2020-05-18 10:18:35,330][INFO] any info message - [id:10][instance:5] - [COMP-1][file-2.c][function-13][ln:121]
[2020-05-18 10:18:36,831][INFO] any info message - [id:10][instance:2] - [COMP-1][file-3.c][function-12][ln:925]
[2020-05-18 10:18:38,332][INFO] any info message - [id:10][instance:1] - [COMP-9][file-9.c][function-3][ln:877]
[2020-05-18 10:18:39,690][WARNING] Here is a warning message - [id:10][instance:5] - [COMP-8][file-5.c][function-13][ln:641]
[2020-05-18 10:18:39,834][INFO] any info message - [id:10][instance:1] - [COMP-12][file-7.c][function-1][ln:263]
[2020-05-18 10:18:39,839][DEBUG] any debug message - [id:10][instance:4] - [COMP-12][file-7.c][function-9][ln:972]
[2020-05-18 10:18:41,335][INFO] any info message - [id:10][instance:2] - [COMP-3][file-8.c][function-4][ln:50]
[2020-05-18 10:18:42,837][INFO] any info message - [id:10][instance:1] - [COMP-7][file-10.c][function-13][ln:760]
[2020-05-18 10:18:44,338][INFO] any info message - [id:10][instance:2] - [COMP-12][file-9.c][function-3][ln:960]
[2020-05-18 10:18:45,839][INFO] any info message - [id:10][instance:7] - [COMP-8][file-4.c][function-11][ln:975]
[2020-05-18 10:18:47,340][INFO] any info message - [id:10][instance:3] - [COMP-6][file-6.c][function-11][ln:778]
[2020-05-18 10:18:48,841][INFO] any info message - [id:10][instance:6] - [COMP-13][file-7.c][function-11][ln:542]
[2020-05-18 10:18:50,343][INFO] any info message - [id:10][instance:7] - [COMP-13][file-10.c][function-8][ln:481]
[2020-05-18 10:18:51,843][INFO] any info message - [id:10][instance:3] - [COMP-8][file-4.c][function-11][ln:632]
[2020-05-18 10:18:53,346][INFO] any info message - [id:10][instance:6] - [COMP-10][file-6.c][function-7][ln:277]
[2020-05-18 10:18:54,840][DEBUG] any debug message - [id:10][instance:1] - [COMP-13][file-9.c][function-4][ln:220]
[2020-05-18 10:18:54,847][INFO] any info message - [id:10][instance:2] - [COMP-10][file-5.c][function-11][ln:935]
[2020-05-18 10:18:56,348][INFO] any info message - [id:10][instance:3] - [COMP-7][file-6.c][function-11][ln:321]
[2020-05-18 10:18:57,850][INFO] any info message - [id:10][instance:1] - [COMP-13][file-2.c][function-3][ln:986]
[2020-05-18 10:18:59,389][INFO] any info message - [id:10][instance:2] - [COMP-13][file-13.c][function-6][ln:103]
[2020-05-18 10:19:00,890][INFO] any info message - [id:10][instance:2] - [COMP-13][file-13.c][function-10][ln:557]
[2020-05-18 10:19:02,391][INFO] any info message - [id:10][instance:1] - [COMP-5][file-7.c][function-10][ln:312]
[2020-05-18 10:19:03,893][INFO] any info message - [id:10][instance:3] - [COMP-5][file-3.c][function-2][ln:620]
[2020-05-18 10:19:05,393][INFO] any info message - [id:10][instance:7] - [COMP-5][file-8.c][function-2][ln:522]
[2020-05-18 10:19:06,894][INFO] any info message - [id:10][instance:5] - [COMP-10][file-1.c][function-10][ln:846]
[2020-05-18 10:19:08,396][INFO] any info message - [id:10][instance:2] - [COMP-10][file-2.c][function-6][ln:576]
[2020-05-18 10:19:09,628][ERROR] It is an error message - [id:10][instance:6] - [COMP-3][file-7.c][function-9][ln:393]
[2020-05-18 10:19:09,691][WARNING] Here is a warning message - [id:10][instance:5] - [COMP-5][file-8.c][function-12][ln:864]
[2020-05-18 10:19:09,841][DEBUG] any debug message - [id:10][instance:1] - [COMP-1][file-13.c][function-1][ln:917]
[2020-05-18 10:19:09,897][INFO] any info message - [id:10][instance:3] - [COMP-8][file-9.c][function-5][ln:738]
[2020-05-18 10:19:11,398][INFO] any info message - [id:10][instance:4] - [COMP-10][file-4.c][function-5][ln:859]
[2020-05-18 10:19:12,900][INFO] any info message - [id:10][instance:1] - [COMP-3][file-12.c][function-2][ln:539]
[2020-05-18 10:19:14,401][INFO] any info message - [id:10][instance:6] - [COMP-9][file-7.c][function-1][ln:214]
[2020-05-18 10:19:15,903][INFO] any info message - [id:10][instance:4] - [COMP-4][file-10.c][function-7][ln:527]
[2020-05-18 10:19:17,404][INFO] any info message - [id:10][instance:4] - [COMP-6][file-5.c][function-6][ln:351]
[2020-05-18 10:19:18,905][INFO] any info message - [id:10][instance:6] - [COMP-11][file-6.c][function-12][ln:864]
[2020-05-18 10:19:20,406][INFO] any info message - [id:10][instance:5] - [COMP-13][file-4.c][function-3][ln:689]
[2020-05-18 10:19:21,907][INFO] any info message - [id:10][instance:2] - [COMP-2][file-12.c][function-6][ln:930]
[2020-05-18 10:19:23,408][INFO] any info message - [id:10][instance:6] - [COMP-6][file-5.c][function-10][ln:915]
[2020-05-18 10:19:24,844][DEBUG] any debug message - [id:10][instance:2] - [COMP-3][file-2.c][function-2][ln:816]
[2020-05-18 10:19:24,909][INFO] any info message - [id:10][instance:5] - [COMP-11][file-9.c][function-8][ln:419]
[2020-05-18 10:19:26,411][INFO] any info message - [id:10][instance:7] - [COMP-8][file-5.c][function-10][ln:947]
[2020-05-18 10:19:27,912][INFO] any info message - [id:10][instance:6] - [COMP-11][file-12.c][function-13][ln:888]
[2020-05-18 10:19:29,414][INFO] any info message - [id:10][instance:5] - [COMP-13][file-12.c][function-5][ln:454]
[2020-05-18 10:19:30,915][INFO] any info message - [id:10][instance:2] - [COMP-3][file-4.c][function-13][ln:78]
[2020-05-18 10:19:32,416][INFO] any info message - [id:10][instance:5] - [COMP-12][file-1.c][function-1][ln:983]
[2020-05-18 10:19:33,917][INFO] any info message - [id:10][instance:1] - [COMP-3][file-11.c][function-2][ln:271]
[2020-05-18 10:19:35,418][INFO] any info message - [id:10][instance:7] - [COMP-1][file-8.c][function-2][ln:787]
[2020-05-18 10:19:36,919][INFO] any info message - [id:10][instance:6] - [COMP-12][file-3.c][function-6][ln:99]
[2020-05-18 10:19:38,421][INFO] any info message - [id:10][instance:4] - [COMP-12][file-11.c][function-10][ln:561]
[2020-05-18 10:19:39,693][WARNING] Here is a warning message - [id:10][instance:6] - [COMP-3][file-1.c][function-6][ln:1]
[2020-05-18 10:19:39,845][DEBUG] any debug message - [id:10][instance:5] - [COMP-8][file-4.c][function-7][ln:98]
[2020-05-18 10:19:39,922][INFO] any info message - [id:10][instance:1] - [COMP-11][file-4.c][function-13][ln:310]
[2020-05-18 10:19:41,423][INFO] any info message - [id:10][instance:7] - [COMP-9][file-12.c][function-7][ln:745]
[2020-05-18 10:19:42,924][INFO] any info message - [id:10][instance:2] - [COMP-1][file-11.c][function-12][ln:229]
[2020-05-18 10:19:44,426][INFO] any info message - [id:10][instance:7] - [COMP-13][file-7.c][function-10][ln:219]
[2020-05-18 10:19:45,927][INFO] any info message - [id:10][instance:3] - [COMP-9][file-5.c][function-13][ln:883]
[2020-05-18 10:19:47,428][INFO] any info message - [id:10][instance:4] - [COMP-9][file-6.c][function-11][ln:376]
[2020-05-18 10:19:48,929][INFO] any info message - [id:10][instance:6] - [COMP-12][file-11.c][function-7][ln:248]
[2020-05-18 10:19:50,430][INFO] any info message - [id:10][instance:7] - [COMP-13][file-10.c][function-12][ln:42]
[2020-05-18 10:19:51,932][INFO] any info message - [id:10][instance:1] - [COMP-5][file-2.c][function-8][ln:38]
[2020-05-18 10:19:53,432][INFO] any info message - [id:10][instance:7] - [COMP-10][file-1.c][function-7][ln:794]
[2020-05-18 10:19:54,847][DEBUG] any debug message - [id:10][instance:3] - [COMP-11][file-12.c][function-7][ln:199]
[2020-05-18 10:19:54,934][INFO] any info message - [id:10][instance:3] - [COMP-6][file-8.c][function-4][ln:88]
[2020-05-18 10:19:56,436][INFO] any info message - [id:10][instance:1] - [COMP-3][file-12.c][function-1][ln:480]
[2020-05-18 10:19:57,937][INFO] any info message - [id:10][instance:3] - [COMP-5][file-9.c][function-1][ln:711]
[2020-05-18 10:19:59,438][INFO] any info message - [id:10][instance:2] - [COMP-12][file-9.c][function-2][ln:744]
[2020-05-18 10:20:00,939][INFO] any info message - [id:10][instance:6] - [COMP-1][file-7.c][function-8][ln:972]
[2020-05-18 10:20:02,441][INFO] any info message - [id:10][instance:4] - [COMP-2][file-2.c][function-10][ln:489]
[2020-05-18 10:20:03,942][INFO] any info message - [id:10][instance:3] - [COMP-4][file-7.c][function-13][ln:127]
[2020-05-18 10:20:05,444][INFO] any info message - [id:10][instance:1] - [COMP-12][file-7.c][function-3][ln:630]
[2020-05-18 10:20:06,946][INFO] any info message - [id:10][instance:4] - [COMP-2][file-9.c][function-4][ln:991]
[2020-05-18 10:20:08,447][INFO] any info message - [id:10][instance:4] - [COMP-7][file-8.c][function-12][ln:178]
[2020-05-18 10:20:09,593][CRITICAL] ATTENTION: This is a critical issue! - [id:10][instance:5] - [COMP-11][file-5.c][function-9][ln:389]
[2020-05-18 10:20:09,629][ERROR] It is an error message - [id:10][instance:1] - [COMP-7][file-9.c][function-5][ln:48]
[2020-05-18 10:20:09,695][WARNING] Here is a warning message - [id:10][instance:4] - [COMP-1][file-9.c][function-4][ln:895]
[2020-05-18 10:20:09,850][DEBUG] any debug message - [id:10][instance:5] - [COMP-12][file-8.c][function-5][ln:363]
[2020-05-18 10:20:09,948][INFO] any info message - [id:10][instance:1] - [COMP-7][file-5.c][function-12][ln:963]
[2020-05-18 10:20:11,450][INFO] any info message - [id:10][instance:1] - [COMP-13][file-13.c][function-7][ln:321]
[2020-05-18 10:20:12,950][INFO] any info message - [id:10][instance:7] - [COMP-8][file-11.c][function-12][ln:832]
[2020-05-18 10:20:14,451][INFO] any info message - [id:10][instance:3] - [COMP-6][file-13.c][function-4][ln:155]
[2020-05-18 10:20:15,952][INFO] any info message - [id:10][instance:3] - [COMP-5][file-3.c][function-10][ln:749]
[2020-05-18 10:20:17,453][INFO] any info message - [id:10][instance:3] - [COMP-7][file-9.c][function-3][ln:807]
[2020-05-18 10:20:18,954][INFO] any info message - [id:10][instance:6] - [COMP-2][file-10.c][function-12][ln:996]
[2020-05-18 10:20:20,456][INFO] any info message - [id:10][instance:6] - [COMP-2][file-7.c][function-6][ln:437]
[2020-05-18 10:20:21,957][INFO] any info message - [id:10][instance:2] - [COMP-3][file-4.c][function-7][ln:933]
[2020-05-18 10:20:23,458][INFO] any info message - [id:10][instance:4] - [COMP-2][file-10.c][function-7][ln:998]
[2020-05-18 10:20:24,851][DEBUG] any debug message - [id:10][instance:5] - [COMP-9][file-9.c][function-3][ln:354]
[2020-05-18 10:20:24,959][INFO] any info message - [id:10][instance:5] - [COMP-11][file-5.c][function-13][ln:441]
[2020-05-18 10:20:26,460][INFO] any info message - [id:10][instance:6] - [COMP-8][file-13.c][function-9][ln:643]
[2020-05-18 10:20:27,961][INFO] any info message - [id:10][instance:4] - [COMP-7][file-4.c][function-1][ln:218]
[2020-05-18 10:20:29,463][INFO] any info message - [id:10][instance:6] - [COMP-3][file-13.c][function-7][ln:241]
[2020-05-18 10:20:30,964][INFO] any info message - [id:10][instance:1] - [COMP-2][file-8.c][function-7][ln:551]
[2020-05-18 10:20:32,466][INFO] any info message - [id:10][instance:2] - [COMP-11][file-12.c][function-2][ln:312]
[2020-05-18 10:20:33,968][INFO] any info message - [id:10][instance:2] - [COMP-9][file-6.c][function-4][ln:948]
[2020-05-18 10:20:35,469][INFO] any info message - [id:10][instance:7] - [COMP-7][file-13.c][function-13][ln:844]
[2020-05-18 10:20:36,970][INFO] any info message - [id:10][instance:6] - [COMP-8][file-13.c][function-2][ln:747]
[2020-05-18 10:20:38,471][INFO] any info message - [id:10][instance:5] - [COMP-4][file-10.c][function-2][ln:302]
[2020-05-18 10:20:39,696][WARNING] Here is a warning message - [id:10][instance:3] - [COMP-7][file-1.c][function-8][ln:493]
[2020-05-18 10:20:39,853][DEBUG] any debug message - [id:10][instance:3] - [COMP-4][file-12.c][function-13][ln:808]
[2020-05-18 10:20:39,973][INFO] any info message - [id:10][instance:4] - [COMP-5][file-8.c][function-4][ln:394]
[2020-05-18 10:20:41,475][INFO] any info message - [id:10][instance:7] - [COMP-8][file-2.c][function-12][ln:331]
[2020-05-18 10:20:42,976][INFO] any info message - [id:10][instance:4] - [COMP-6][file-2.c][function-10][ln:189]
[2020-05-18 10:20:44,477][INFO] any info message - [id:10][instance:3] - [COMP-10][file-4.c][function-11][ln:715]
[2020-05-18 10:20:45,979][INFO] any info message - [id:10][instance:2] - [COMP-9][file-5.c][function-13][ln:867]
[2020-05-18 10:20:47,480][INFO] any info message - [id:10][instance:5] - [COMP-13][file-5.c][function-1][ln:929]
[2020-05-18 10:20:48,982][INFO] any info message - [id:10][instance:1] - [COMP-13][file-6.c][function-1][ln:950]
[2020-05-18 10:20:50,482][INFO] any info message - [id:10][instance:4] - [COMP-5][file-2.c][function-5][ln:184]
[2020-05-18 10:20:51,984][INFO] any info message - [id:10][instance:1] - [COMP-3][file-4.c][function-6][ln:189]
[2020-05-18 10:20:53,485][INFO] any info message - [id:10][instance:3] - [COMP-13][file-3.c][function-12][ln:623]
[2020-05-18 10:20:54,854][DEBUG] any debug message - [id:10][instance:1] - [COMP-3][file-8.c][function-1][ln:320]
[2020-05-18 10:20:54,987][INFO] any info message - [id:10][instance:2] - [COMP-9][file-5.c][function-9][ln:529]
[2020-05-18 10:20:56,488][INFO] any info message - [id:10][instance:2] - [COMP-11][file-8.c][function-11][ln:883]
[2020-05-18 10:20:57,989][INFO] any info message - [id:10][instance:5] - [COMP-2][file-4.c][function-12][ln:20]
[2020-05-18 10:20:59,490][INFO] any info message - [id:10][instance:2] - [COMP-6][file-9.c][function-6][ln:339]
[2020-05-18 10:21:00,991][INFO] any info message - [id:10][instance:5] - [COMP-2][file-13.c][function-8][ln:667]
[2020-05-18 10:21:02,493][INFO] any info message - [id:10][instance:4] - [COMP-1][file-4.c][function-11][ln:143]
[2020-05-18 10:21:03,994][INFO] any info message - [id:10][instance:6] - [COMP-12][file-11.c][function-1][ln:950]
[2020-05-18 10:21:05,495][INFO] any info message - [id:10][instance:4] - [COMP-4][file-11.c][function-2][ln:863]
[2020-05-18 10:21:06,996][INFO] any info message - [id:10][instance:1] - [COMP-11][file-13.c][function-11][ln:904]
[2020-05-18 10:21:08,498][INFO] any info message - [id:10][instance:6] - [COMP-1][file-6.c][function-6][ln:955]
[2020-05-18 10:21:09,631][ERROR] It is an error message - [id:10][instance:3] - [COMP-8][file-2.c][function-11][ln:522]
[2020-05-18 10:21:09,697][WARNING] Here is a warning message - [id:10][instance:5] - [COMP-6][file-10.c][function-12][ln:272]
[2020-05-18 10:21:09,856][DEBUG] any debug message - [id:10][instance:4] - [COMP-13][file-2.c][function-2][ln:72]
[2020-05-18 10:21:09,999][INFO] any info message - [id:10][instance:7] - [COMP-7][file-8.c][function-2][ln:634]
[2020-05-18 10:21:11,500][INFO] any info message - [id:10][instance:6] - [COMP-12][file-4.c][function-11][ln:391]
[2020-05-18 10:21:13,001][INFO] any info message - [id:10][instance:1] - [COMP-4][file-5.c][function-10][ln:276]
[2020-05-18 10:21:14,503][INFO] any info message - [id:10][instance:5] - [COMP-1][file-6.c][function-4][ln:183]
[2020-05-18 10:21:16,005][INFO] any info message - [id:10][instance:6] - [COMP-2][file-10.c][function-9][ln:45]
[2020-05-18 10:21:17,505][INFO] any info message - [id:10][instance:7] - [COMP-1][file-13.c][function-7][ln:177]
[2020-05-18 10:21:19,007][INFO] any info message - [id:10][instance:3] - [COMP-12][file-2.c][function-4][ln:544]
[2020-05-18 10:21:20,508][INFO] any info message - [id:10][instance:6] - [COMP-2][file-13.c][function-11][ln:264]
[2020-05-18 10:21:22,011][INFO] any info message - [id:10][instance:6] - [COMP-13][file-13.c][function-7][ln:164]
[2020-05-18 10:21:23,512][INFO] any info message - [id:10][instance:6] - [COMP-13][file-3.c][function-13][ln:523]
[2020-05-18 10:21:24,858][DEBUG] any debug message - [id:10][instance:3] - [COMP-5][file-6.c][function-13][ln:593]
[2020-05-18 10:21:25,013][INFO] any info message - [id:10][instance:6] - [COMP-12][file-10.c][function-4][ln:658]
[2020-05-18 10:21:26,515][INFO] any info message - [id:10][instance:5] - [COMP-2][file-6.c][function-10][ln:171]
[2020-05-18 10:21:28,016][INFO] any info message - [id:10][instance:4] - [COMP-7][file-1.c][function-3][ln:278]
[2020-05-18 10:21:29,517][INFO] any info message - [id:10][instance:5] - [COMP-10][file-13.c][function-5][ln:115]
[2020-05-18 10:21:31,018][INFO] any info message - [id:10][instance:5] - [COMP-10][file-8.c][function-11][ln:180]
[2020-05-18 10:21:32,520][INFO] any info message - [id:10][instance:6] - [COMP-12][file-2.c][function-12][ln:691]
[2020-05-18 10:21:34,021][INFO] any info message - [id:10][instance:4] - [COMP-4][file-9.c][function-6][ln:300]
[2020-05-18 10:21:35,522][INFO] any info message - [id:10][instance:5] - [COMP-5][file-11.c][function-7][ln:312]
[2020-05-18 10:21:37,024][INFO] any info message - [id:10][instance:5] - [COMP-2][file-8.c][function-1][ln:573]
[2020-05-18 10:21:38,525][INFO] any info message - [id:10][instance:2] - [COMP-11][file-5.c][function-13][ln:342]
[2020-05-18 10:21:39,698][WARNING] Here is a warning message - [id:10][instance:2] - [COMP-7][file-1.c][function-13][ln:475]
[2020-05-18 10:21:39,861][DEBUG] any debug message - [id:10][instance:2] - [COMP-10][file-12.c][function-9][ln:719]
[2020-05-18 10:21:40,028][INFO] any info message - [id:10][instance:4] - [COMP-3][file-9.c][function-4][ln:324]
[2020-05-18 10:21:41,529][INFO] any info message - [id:10][instance:4] - [COMP-10][file-11.c][function-10][ln:969]
[2020-05-18 10:21:43,030][INFO] any info message - [id:10][instance:3] - [COMP-6][file-1.c][function-9][ln:775]
[2020-05-18 10:21:44,531][INFO] any info message - [id:10][instance:5] - [COMP-9][file-5.c][function-3][ln:69]
[2020-05-18 10:21:46,032][INFO] any info message - [id:10][instance:2] - [COMP-6][file-1.c][function-7][ln:792]
[2020-05-18 10:21:47,534][INFO] any info message - [id:10][instance:7] - [COMP-11][file-5.c][function-11][ln:676]
[2020-05-18 10:21:49,035][INFO] any info message - [id:10][instance:4] - [COMP-11][file-12.c][function-13][ln:343]
[2020-05-18 10:21:50,535][INFO] any info message - [id:10][instance:7] - [COMP-1][file-5.c][function-5][ln:650]
[2020-05-18 10:21:52,036][INFO] any info message - [id:10][instance:1] - [COMP-1][file-11.c][function-3][ln:232]
[2020-05-18 10:21:53,538][INFO] any info message - [id:10][instance:1] - [COMP-2][file-11.c][function-5][ln:93]
[2020-05-18 10:21:54,862][DEBUG] any debug message - [id:10][instance:6] - [COMP-13][file-10.c][function-6][ln:545]
[2020-05-18 10:21:55,038][INFO] any info message - [id:10][instance:4] - [COMP-12][file-4.c][function-12][ln:515]
[2020-05-18 10:21:56,544][INFO] any info message - [id:10][instance:4] - [COMP-12][file-12.c][function-2][ln:312]
[2020-05-18 10:21:58,045][INFO] any info message - [id:10][instance:1] - [COMP-1][file-9.c][function-2][ln:250]
[2020-05-18 10:21:59,545][INFO] any info message - [id:10][instance:1] - [COMP-7][file-10.c][function-11][ln:908]
[2020-05-18 10:22:01,047][INFO] any info message - [id:10][instance:7] - [COMP-2][file-8.c][function-4][ln:984]
[2020-05-18 10:22:02,548][INFO] any info message - [id:10][instance:3] - [COMP-5][file-12.c][function-13][ln:548]
[2020-05-18 10:22:04,048][INFO] any info message - [id:10][instance:5] - [COMP-2][file-9.c][function-1][ln:306]
[2020-05-18 10:22:05,549][INFO] any info message - [id:10][instance:6] - [COMP-3][file-1.c][function-11][ln:423]
[2020-05-18 10:22:07,051][INFO] any info message - [id:10][instance:4] - [COMP-12][file-8.c][function-11][ln:653]
[2020-05-18 10:22:08,553][INFO] any info message - [id:10][instance:7] - [COMP-11][file-8.c][function-3][ln:631]
[2020-05-18 10:22:09,595][CRITICAL] ATTENTION: This is a critical issue! - [id:10][instance:2] - [COMP-9][file-1.c][function-13][ln:997]
[2020-05-18 10:22:09,632][ERROR] It is an error message - [id:10][instance:3] - [COMP-6][file-2.c][function-3][ln:52]
[2020-05-18 10:22:09,698][WARNING] Here is a warning message - [id:10][instance:3] - [COMP-6][file-3.c][function-2][ln:521]
[2020-05-18 10:22:09,864][DEBUG] any debug message - [id:10][instance:3] - [COMP-3][file-9.c][function-8][ln:664]
[2020-05-18 10:22:10,054][INFO] any info message - [id:10][instance:7] - [COMP-2][file-5.c][function-8][ln:883]
[2020-05-18 10:22:11,555][INFO] any info message - [id:10][instance:5] - [COMP-6][file-3.c][function-12][ln:738]
[2020-05-18 10:22:13,056][INFO] any info message - [id:10][instance:4] - [COMP-5][file-9.c][function-13][ln:620]
[2020-05-18 10:22:14,557][INFO] any info message - [id:10][instance:2] - [COMP-4][file-3.c][function-9][ln:869]
[2020-05-18 10:22:16,059][INFO] any info message - [id:10][instance:4] - [COMP-9][file-13.c][function-11][ln:13]
[2020-05-18 10:22:17,560][INFO] any info message - [id:10][instance:2] - [COMP-3][file-6.c][function-5][ln:941]
[2020-05-18 10:22:19,061][INFO] any info message - [id:10][instance:5] - [COMP-8][file-11.c][function-5][ln:673]
[2020-05-18 10:22:20,563][INFO] any info message - [id:10][instance:1] - [COMP-1][file-3.c][function-6][ln:602]
[2020-05-18 10:22:22,065][INFO] any info message - [id:10][instance:5] - [COMP-1][file-1.c][function-4][ln:418]
[2020-05-18 10:22:23,565][INFO] any info message - [id:10][instance:6] - [COMP-10][file-3.c][function-5][ln:285]
[2020-05-18 10:22:24,865][DEBUG] any debug message - [id:10][instance:1] - [COMP-2][file-7.c][function-1][ln:888]
[2020-05-18 10:22:25,067][INFO] any info message - [id:10][instance:2] - [COMP-9][file-8.c][function-12][ln:909]
[2020-05-18 10:22:26,569][INFO] any info message - [id:10][instance:1] - [COMP-10][file-5.c][function-8][ln:508]
[2020-05-18 10:22:28,070][INFO] any info message - [id:10][instance:7] - [COMP-5][file-2.c][function-10][ln:921]
[2020-05-18 10:22:29,571][INFO] any info message - [id:10][instance:6] - [COMP-11][file-9.c][function-13][ln:345]
[2020-05-18 10:22:31,071][INFO] any info message - [id:10][instance:7] - [COMP-11][file-10.c][function-13][ln:773]
[2020-05-18 10:22:32,572][INFO] any info message - [id:10][instance:5] - [COMP-6][file-8.c][function-10][ln:972]
[2020-05-18 10:22:34,075][INFO] any info message - [id:10][instance:7] - [COMP-3][file-10.c][function-10][ln:39]
[2020-05-18 10:22:35,576][INFO] any info message - [id:10][instance:2] - [COMP-2][file-9.c][function-3][ln:209]
[2020-05-18 10:22:37,077][INFO] any info message - [id:10][instance:4] - [COMP-9][file-9.c][function-5][ln:997]
[2020-05-18 10:22:38,578][INFO] any info message - [id:10][instance:1] - [COMP-11][file-7.c][function-11][ln:439]
[2020-05-18 10:22:39,699][WARNING] Here is a warning message - [id:10][instance:4] - [COMP-8][file-3.c][function-13][ln:757]
[2020-05-18 10:22:39,867][DEBUG] any debug message - [id:10][instance:4] - [COMP-9][file-7.c][function-7][ln:254]
[2020-05-18 10:22:40,080][INFO] any info message - [id:10][instance:5] - [COMP-7][file-8.c][function-4][ln:867]
[2020-05-18 10:22:41,581][INFO] any info message - [id:10][instance:3] - [COMP-13][file-11.c][function-13][ln:550]
[2020-05-18 10:22:43,082][INFO] any info message - [id:10][instance:1] - [COMP-8][file-5.c][function-10][ln:543]
[2020-05-18 10:22:44,583][INFO] any info message - [id:10][instance:5] - [COMP-12][file-3.c][function-6][ln:4]
[2020-05-18 10:22:46,085][INFO] any info message - [id:10][instance:4] - [COMP-13][file-11.c][function-2][ln:443]
[2020-05-18 10:22:47,586][INFO] any info message - [id:10][instance:5] - [COMP-7][file-5.c][function-8][ln:185]
[2020-05-18 10:22:49,087][INFO] any info message - [id:10][instance:1] - [COMP-3][file-3.c][function-12][ln:684]
[2020-05-18 10:22:50,588][INFO] any info message - [id:10][instance:3] - [COMP-2][file-9.c][function-12][ln:971]
[2020-05-18 10:22:52,090][INFO] any info message - [id:10][instance:6] - [COMP-1][file-4.c][function-5][ln:137]
[2020-05-18 10:22:53,592][INFO] any info message - [id:10][instance:5] - [COMP-9][file-12.c][function-12][ln:950]
[2020-05-18 10:22:54,869][DEBUG] any debug message - [id:10][instance:4] - [COMP-11][file-12.c][function-7][ln:700]
[2020-05-18 10:22:55,093][INFO] any info message - [id:10][instance:5] - [COMP-7][file-2.c][function-5][ln:16]
[2020-05-18 10:22:56,594][INFO] any info message - [id:10][instance:7] - [COMP-2][file-3.c][function-9][ln:667]
[2020-05-18 10:22:58,095][INFO] any info message - [id:10][instance:5] - [COMP-12][file-9.c][function-12][ln:826]
[2020-05-18 10:22:59,597][INFO] any info message - [id:10][instance:7] - [COMP-4][file-3.c][function-5][ln:772]
[2020-05-18 10:23:01,097][INFO] any info message - [id:10][instance:4] - [COMP-6][file-9.c][function-7][ln:349]
[2020-05-18 10:23:02,599][INFO] any info message - [id:10][instance:5] - [COMP-11][file-3.c][function-13][ln:160]
[2020-05-18 10:23:04,100][INFO] any info message - [id:10][instance:4] - [COMP-8][file-13.c][function-2][ln:500]
[2020-05-18 10:23:05,602][INFO] any info message - [id:10][instance:1] - [COMP-1][file-6.c][function-13][ln:646]
[2020-05-18 10:23:07,103][INFO] any info message - [id:10][instance:6] - [COMP-12][file-2.c][function-13][ln:167]
[2020-05-18 10:23:08,604][INFO] any info message - [id:10][instance:1] - [COMP-8][file-10.c][function-4][ln:469]
[2020-05-18 10:23:09,633][ERROR] It is an error message - [id:10][instance:1] - [COMP-11][file-10.c][function-3][ln:522]
[2020-05-18 10:23:09,700][WARNING] Here is a warning message - [id:10][instance:4] - [COMP-10][file-2.c][function-12][ln:260]
[2020-05-18 10:23:09,873][DEBUG] any debug message - [id:10][instance:3] - [COMP-8][file-4.c][function-5][ln:464]
[2020-05-18 10:23:10,105][INFO] any info message - [id:10][instance:6] - [COMP-4][file-9.c][function-12][ln:445]
[2020-05-18 10:23:11,606][INFO] any info message - [id:10][instance:3] - [COMP-2][file-11.c][function-4][ln:319]
[2020-05-18 10:23:13,107][INFO] any info message - [id:10][instance:1] - [COMP-5][file-11.c][function-2][ln:545]
[2020-05-18 10:23:14,608][INFO] any info message - [id:10][instance:4] - [COMP-2][file-12.c][function-3][ln:609]
[2020-05-18 10:23:16,109][INFO] any info message - [id:10][instance:6] - [COMP-1][file-3.c][function-9][ln:388]
[2020-05-18 10:23:17,611][INFO] any info message - [id:10][instance:2] - [COMP-13][file-2.c][function-6][ln:708]
[2020-05-18 10:23:19,112][INFO] any info message - [id:10][instance:5] - [COMP-6][file-8.c][function-3][ln:600]
[2020-05-18 10:23:20,613][INFO] any info message - [id:10][instance:4] - [COMP-6][file-4.c][function-11][ln:894]
[2020-05-18 10:23:22,115][INFO] any info message - [id:10][instance:1] - [COMP-6][file-5.c][function-4][ln:293]
[2020-05-18 10:23:23,615][INFO] any info message - [id:10][instance:4] - [COMP-3][file-12.c][function-8][ln:500]
[2020-05-18 10:23:24,874][DEBUG] any debug message - [id:10][instance:6] - [COMP-3][file-1.c][function-6][ln:732]
[2020-05-18 10:23:25,116][INFO] any info message - [id:10][instance:1] - [COMP-2][file-3.c][function-7][ln:686]
[2020-05-18 10:23:26,617][INFO] any info message - [id:10][instance:1] - [COMP-8][file-12.c][function-13][ln:776]
[2020-05-18 10:23:28,118][INFO] any info message - [id:10][instance:6] - [COMP-4][file-12.c][function-13][ln:764]
[2020-05-18 10:23:29,620][INFO] any info message - [id:10][instance:5] - [COMP-12][file-7.c][function-6][ln:696]
[2020-05-18 10:23:31,121][INFO] any info message - [id:10][instance:3] - [COMP-10][file-12.c][function-6][ln:981]
[2020-05-18 10:23:32,623][INFO] any info message - [id:10][instance:5] - [COMP-6][file-12.c][function-5][ln:249]
[2020-05-18 10:23:34,124][INFO] any info message - [id:10][instance:1] - [COMP-9][file-5.c][function-3][ln:112]
[2020-05-18 10:23:35,626][INFO] any info message - [id:10][instance:4] - [COMP-8][file-7.c][function-6][ln:993]
[2020-05-18 10:23:37,127][INFO] any info message - [id:10][instance:3] - [COMP-8][file-3.c][function-7][ln:534]
[2020-05-18 10:23:38,628][INFO] any info message - [id:10][instance:7] - [COMP-13][file-4.c][function-4][ln:485]
[2020-05-18 10:23:39,703][WARNING] Here is a warning message - [id:10][instance:2] - [COMP-10][file-7.c][function-2][ln:2]
[2020-05-18 10:23:39,876][DEBUG] any debug message - [id:10][instance:2] - [COMP-2][file-3.c][function-2][ln:820]
[2020-05-18 10:23:40,129][INFO] any info message - [id:10][instance:6] - [COMP-6][file-11.c][function-3][ln:491]
[2020-05-18 10:23:41,630][INFO] any info message - [id:10][instance:2] - [COMP-10][file-2.c][function-13][ln:555]
[2020-05-18 10:23:43,132][INFO] any info message - [id:10][instance:1] - [COMP-8][file-12.c][function-7][ln:557]
[2020-05-18 10:23:44,633][INFO] any info message - [id:10][instance:4] - [COMP-11][file-5.c][function-8][ln:426]
[2020-05-18 10:23:46,134][INFO] any info message - [id:10][instance:1] - [COMP-1][file-7.c][function-3][ln:917]
[2020-05-18 10:23:47,635][INFO] any info message - [id:10][instance:6] - [COMP-1][file-2.c][function-3][ln:465]
[2020-05-18 10:23:49,136][INFO] any info message - [id:10][instance:5] - [COMP-1][file-3.c][function-10][ln:630]
[2020-05-18 10:23:50,637][INFO] any info message - [id:10][instance:2] - [COMP-4][file-13.c][function-3][ln:112]
[2020-05-18 10:23:52,137][INFO] any info message - [id:10][instance:6] - [COMP-2][file-3.c][function-3][ln:106]
[2020-05-18 10:23:53,639][INFO] any info message - [id:10][instance:3] - [COMP-5][file-12.c][function-7][ln:20]
[2020-05-18 10:23:54,878][DEBUG] any debug message - [id:10][instance:1] - [COMP-12][file-2.c][function-10][ln:734]
[2020-05-18 10:23:55,140][INFO] any info message - [id:10][instance:4] - [COMP-5][file-7.c][function-6][ln:887]
[2020-05-18 10:23:56,641][INFO] any info message - [id:10][instance:4] - [COMP-4][file-6.c][function-7][ln:793]
[2020-05-18 10:23:58,143][INFO] any info message - [id:10][instance:1] - [COMP-6][file-3.c][function-2][ln:862]
[2020-05-18 10:23:59,644][INFO] any info message - [id:10][instance:4] - [COMP-1][file-9.c][function-11][ln:575]
[2020-05-18 10:24:01,145][INFO] any info message - [id:10][instance:1] - [COMP-3][file-5.c][function-12][ln:42]
[2020-05-18 10:24:02,647][INFO] any info message - [id:10][instance:7] - [COMP-3][file-12.c][function-5][ln:289]
[2020-05-18 10:24:04,149][INFO] any info message - [id:10][instance:7] - [COMP-11][file-3.c][function-11][ln:932]
[2020-05-18 10:24:05,650][INFO] any info message - [id:10][instance:4] - [COMP-11][file-13.c][function-10][ln:334]
[2020-05-18 10:24:07,151][INFO] any info message - [id:10][instance:5] - [COMP-5][file-8.c][function-6][ln:845]
[2020-05-18 10:24:08,651][INFO] any info message - [id:10][instance:1] - [COMP-11][file-2.c][function-6][ln:908]
[2020-05-18 10:24:09,598][CRITICAL] ATTENTION: This is a critical issue! - [id:10][instance:1] - [COMP-3][file-11.c][function-3][ln:101]
[2020-05-18 10:24:09,634][ERROR] It is an error message - [id:10][instance:3] - [COMP-9][file-5.c][function-4][ln:992]
[2020-05-18 10:24:09,704][WARNING] Here is a warning message - [id:10][instance:6] - [COMP-1][file-11.c][function-12][ln:599]
[2020-05-18 10:24:09,879][DEBUG] any debug message - [id:10][instance:6] - [COMP-3][file-2.c][function-4][ln:333]
[2020-05-18 10:24:10,153][INFO] any info message - [id:10][instance:1] - [COMP-3][file-2.c][function-11][ln:331]
[2020-05-18 10:24:11,654][INFO] any info message - [id:10][instance:7] - [COMP-3][file-4.c][function-3][ln:263]
[2020-05-18 10:24:13,156][INFO] any info message - [id:10][instance:2] - [COMP-7][file-7.c][function-5][ln:862]
[2020-05-18 10:24:14,657][INFO] any info message - [id:10][instance:5] - [COMP-3][file-8.c][function-3][ln:760]
[2020-05-18 10:24:16,158][INFO] any info message - [id:10][instance:7] - [COMP-13][file-10.c][function-13][ln:645]
[2020-05-18 10:24:17,659][INFO] any info message - [id:10][instance:6] - [COMP-5][file-1.c][function-6][ln:460]
[2020-05-18 10:24:19,160][INFO] any info message - [id:10][instance:1] - [COMP-10][file-8.c][function-5][ln:99]
[2020-05-18 10:24:20,662][INFO] any info message - [id:10][instance:4] - [COMP-13][file-7.c][function-3][ln:416]
[2020-05-18 10:24:22,164][INFO] any info message - [id:10][instance:2] - [COMP-9][file-13.c][function-11][ln:398]
[2020-05-18 10:24:23,664][INFO] any info message - [id:10][instance:2] - [COMP-6][file-7.c][function-5][ln:749]
[2020-05-18 10:24:24,881][DEBUG] any debug message - [id:10][instance:6] - [COMP-1][file-6.c][function-1][ln:85]
[2020-05-18 10:24:25,165][INFO] any info message - [id:10][instance:5] - [COMP-10][file-13.c][function-2][ln:163]
[2020-05-18 10:24:26,666][INFO] any info message - [id:10][instance:3] - [COMP-5][file-4.c][function-6][ln:242]
[2020-05-18 10:24:28,168][INFO] any info message - [id:10][instance:3] - [COMP-13][file-9.c][function-7][ln:217]
[2020-05-18 10:24:29,669][INFO] any info message - [id:10][instance:4] - [COMP-10][file-7.c][function-10][ln:650]
[2020-05-18 10:24:31,170][INFO] any info message - [id:10][instance:3] - [COMP-5][file-12.c][function-11][ln:920]
[2020-05-18 10:24:32,671][INFO] any info message - [id:10][instance:7] - [COMP-3][file-7.c][function-12][ln:470]
[2020-05-18 10:24:34,172][INFO] any info message - [id:10][instance:7] - [COMP-8][file-1.c][function-7][ln:848]
[2020-05-18 10:24:35,673][INFO] any info message - [id:10][instance:5] - [COMP-11][file-12.c][function-5][ln:392]
[2020-05-18 10:24:37,175][INFO] any info message - [id:10][instance:4] - [COMP-4][file-8.c][function-6][ln:852]
[2020-05-18 10:24:38,676][INFO] any info message - [id:10][instance:1] - [COMP-11][file-11.c][function-2][ln:937]
[2020-05-18 10:24:39,705][WARNING] Here is a warning message - [id:10][instance:5] - [COMP-9][file-12.c][function-11][ln:652]
[2020-05-18 10:24:39,882][DEBUG] any debug message - [id:10][instance:4] - [COMP-12][file-12.c][function-10][ln:904]
[2020-05-18 10:24:40,177][INFO] any info message - [id:10][instance:3] - [COMP-13][file-11.c][function-7][ln:921]
[2020-05-18 10:24:41,678][INFO] any info message - [id:10][instance:6] - [COMP-13][file-11.c][function-13][ln:90]
[2020-05-18 10:24:43,180][INFO] any info message - [id:10][instance:5] - [COMP-5][file-1.c][function-6][ln:573]
[2020-05-18 10:24:44,680][INFO] any info message - [id:10][instance:2] - [COMP-4][file-2.c][function-12][ln:676]
[2020-05-18 10:24:46,183][INFO] any info message - [id:10][instance:4] - [COMP-3][file-8.c][function-4][ln:135]
[2020-05-18 10:24:47,684][INFO] any info message - [id:10][instance:3] - [COMP-3][file-12.c][function-13][ln:813]
[2020-05-18 10:24:49,185][INFO] any info message - [id:10][instance:2] - [COMP-4][file-12.c][function-3][ln:677]
[2020-05-18 10:24:50,686][INFO] any info message - [id:10][instance:1] - [COMP-11][file-6.c][function-6][ln:140]
[2020-05-18 10:24:52,187][INFO] any info message - [id:10][instance:3] - [COMP-1][file-12.c][function-2][ln:521]
[2020-05-18 10:24:53,689][INFO] any info message - [id:10][instance:1] - [COMP-11][file-13.c][function-2][ln:149]
[2020-05-18 10:24:54,882][DEBUG] any debug message - [id:10][instance:1] - [COMP-5][file-3.c][function-11][ln:102]
[2020-05-18 10:24:55,190][INFO] any info message - [id:10][instance:5] - [COMP-11][file-9.c][function-9][ln:476]
[2020-05-18 10:24:56,692][INFO] any info message - [id:10][instance:4] - [COMP-5][file-4.c][function-5][ln:985]
[2020-05-18 10:24:58,192][INFO] any info message - [id:10][instance:5] - [COMP-12][file-10.c][function-4][ln:275]
[2020-05-18 10:24:59,693][INFO] any info message - [id:10][instance:7] - [COMP-2][file-6.c][function-5][ln:44]
[2020-05-18 10:25:01,194][INFO] any info message - [id:10][instance:6] - [COMP-10][file-1.c][function-9][ln:209]
[2020-05-18 10:25:02,695][INFO] any info message - [id:10][instance:2] - [COMP-10][file-9.c][function-10][ln:852]
[2020-05-18 10:25:04,197][INFO] any info message - [id:10][instance:5] - [COMP-3][file-8.c][function-11][ln:549]
[2020-05-18 10:25:05,697][INFO] any info message - [id:10][instance:4] - [COMP-9][file-6.c][function-12][ln:228]
[2020-05-18 10:25:07,199][INFO] any info message - [id:10][instance:2] - [COMP-12][file-13.c][function-9][ln:196]
[2020-05-18 10:25:08,700][INFO] any info message - [id:10][instance:1] - [COMP-11][file-2.c][function-3][ln:569]
[2020-05-18 10:25:09,635][ERROR] It is an error message - [id:10][instance:7] - [COMP-3][file-9.c][function-3][ln:519]
[2020-05-18 10:25:09,706][WARNING] Here is a warning message - [id:10][instance:4] - [COMP-4][file-6.c][function-4][ln:539]
[2020-05-18 10:25:09,882][DEBUG] any debug message - [id:10][instance:4] - [COMP-6][file-5.c][function-4][ln:99]
[2020-05-18 10:25:10,201][INFO] any info message - [id:10][instance:2] - [COMP-3][file-10.c][function-11][ln:967]
[2020-05-18 10:25:11,703][INFO] any info message - [id:10][instance:7] - [COMP-6][file-8.c][function-9][ln:822]
[2020-05-18 10:25:13,205][INFO] any info message - [id:10][instance:6] - [COMP-3][file-12.c][function-11][ln:930]
[2020-05-18 10:25:14,706][INFO] any info message - [id:10][instance:4] - [COMP-9][file-2.c][function-1][ln:777]
[2020-05-18 10:25:16,207][INFO] any info message - [id:10][instance:1] - [COMP-10][file-12.c][function-5][ln:585]
[2020-05-18 10:25:17,707][INFO] any info message - [id:10][instance:4] - [COMP-1][file-7.c][function-12][ln:931]
[2020-05-18 10:25:19,208][INFO] any info message - [id:10][instance:3] - [COMP-12][file-5.c][function-3][ln:207]
[2020-05-18 10:25:20,709][INFO] any info message - [id:10][instance:1] - [COMP-3][file-1.c][function-8][ln:147]
[2020-05-18 10:25:22,211][INFO] any info message - [id:10][instance:1] - [COMP-8][file-13.c][function-1][ln:990]
[2020-05-18 10:25:23,713][INFO] any info message - [id:10][instance:5] - [COMP-2][file-5.c][function-8][ln:103]
[2020-05-18 10:25:24,884][DEBUG] any debug message - [id:10][instance:4] - [COMP-6][file-13.c][function-3][ln:529]
[2020-05-18 10:25:25,214][INFO] any info message - [id:10][instance:2] - [COMP-7][file-8.c][function-12][ln:513]
[2020-05-18 10:25:26,716][INFO] any info message - [id:10][instance:2] - [COMP-3][file-11.c][function-7][ln:502]
[2020-05-18 10:25:28,216][INFO] any info message - [id:10][instance:3] - [COMP-7][file-3.c][function-9][ln:964]
[2020-05-18 10:25:29,718][INFO] any info message - [id:10][instance:1] - [COMP-13][file-7.c][function-2][ln:185]
[2020-05-18 10:25:31,219][INFO] any info message - [id:10][instance:6] - [COMP-13][file-10.c][function-9][ln:484]
[2020-05-18 10:25:32,720][INFO] any info message - [id:10][instance:4] - [COMP-10][file-3.c][function-6][ln:565]
[2020-05-18 10:25:34,221][INFO] any info message - [id:10][instance:2] - [COMP-7][file-1.c][function-1][ln:769]
[2020-05-18 10:25:35,722][INFO] any info message - [id:10][instance:4] - [COMP-3][file-13.c][function-13][ln:370]
[2020-05-18 10:25:37,223][INFO] any info message - [id:10][instance:1] - [COMP-1][file-5.c][function-2][ln:690]
[2020-05-18 10:25:38,725][INFO] any info message - [id:10][instance:7] - [COMP-11][file-6.c][function-7][ln:686]
[2020-05-18 10:25:39,707][WARNING] Here is a warning message - [id:10][instance:1] - [COMP-11][file-3.c][function-7][ln:201]
[2020-05-18 10:25:39,884][DEBUG] any debug message - [id:10][instance:3] - [COMP-5][file-10.c][function-3][ln:458]
[2020-05-18 10:25:40,225][INFO] any info message - [id:10][instance:6] - [COMP-4][file-9.c][function-12][ln:463]
[2020-05-18 10:25:41,727][INFO] any info message - [id:10][instance:2] - [COMP-5][file-5.c][function-3][ln:127]
[2020-05-18 10:25:43,229][INFO] any info message - [id:10][instance:5] - [COMP-6][file-11.c][function-8][ln:805]
[2020-05-18 10:25:44,731][INFO] any info message - [id:10][instance:7] - [COMP-11][file-9.c][function-12][ln:660]
[2020-05-18 10:25:46,233][INFO] any info message - [id:10][instance:6] - [COMP-10][file-6.c][function-12][ln:411]
[2020-05-18 10:25:47,734][INFO] any info message - [id:10][instance:6] - [COMP-3][file-1.c][function-7][ln:631]
[2020-05-18 10:25:49,235][INFO] any info message - [id:10][instance:7] - [COMP-3][file-4.c][function-8][ln:809]
[2020-05-18 10:25:50,736][INFO] any info message - [id:10][instance:1] - [COMP-9][file-2.c][function-11][ln:177]
[2020-05-18 10:25:52,237][INFO] any info message - [id:10][instance:4] - [COMP-8][file-12.c][function-11][ln:443]
[2020-05-18 10:25:53,738][INFO] any info message - [id:10][instance:4] - [COMP-1][file-12.c][function-11][ln:428]
[2020-05-18 10:25:54,886][DEBUG] any debug message - [id:10][instance:3] - [COMP-12][file-3.c][function-11][ln:339]
[2020-05-18 10:25:55,240][INFO] any info message - [id:10][instance:3] - [COMP-10][file-9.c][function-7][ln:457]
[2020-05-18 10:25:56,741][INFO] any info message - [id:10][instance:5] - [COMP-7][file-7.c][function-4][ln:436]
[2020-05-18 10:25:58,243][INFO] any info message - [id:10][instance:6] - [COMP-8][file-6.c][function-5][ln:114]
[2020-05-18 10:25:59,744][INFO] any info message - [id:10][instance:4] - [COMP-8][file-2.c][function-13][ln:98]
